2025-03-06 19:32:25 [main] ERROR o.s.boot.SpringApplication.%PARSER_ERROR[M] - Application run failed
java.lang.IllegalStateException: java.lang.IllegalStateException: Logback configuration error detected: 
ERROR in ch.qos.logback.core.pattern.parser.Compiler@180e6ac4 - Failed to instantiate converter class [ch.qos.logback.classic.pattern.MethodOfCallerConverter] as a composite converter for keyword [M] ch.qos.logback.core.util.IncompatibleClassException
ERROR in ch.qos.logback.core.pattern.parser.Compiler@180e6ac4 - Failed to create converter for [%M] keyword
ERROR in ch.qos.logback.core.pattern.parser.Compiler@42b64ab8 - Failed to instantiate converter class [ch.qos.logback.classic.pattern.MethodOfCallerConverter] as a composite converter for keyword [M] ch.qos.logback.core.util.IncompatibleClassException
ERROR in ch.qos.logback.core.pattern.parser.Compiler@42b64ab8 - Failed to create converter for [%M] keyword
	at org.springframework.boot.context.logging.LoggingApplicationListener.initializeSystem(LoggingApplicationListener.java:347)
	at org.springframework.boot.context.logging.LoggingApplicationListener.initialize(LoggingApplicationListener.java:298)
	at org.springframework.boot.context.logging.LoggingApplicationListener.onApplicationEnvironmentPreparedEvent(LoggingApplicationListener.java:246)
	at org.springframework.boot.context.logging.LoggingApplicationListener.onApplicationEvent(LoggingApplicationListener.java:223)
	at org.springframework.context.event.SimpleApplicationEventMulticaster.doInvokeListener(SimpleApplicationEventMulticaster.java:185)
	at org.springframework.context.event.SimpleApplicationEventMulticaster.invokeListener(SimpleApplicationEventMulticaster.java:178)
	at org.springframework.context.event.SimpleApplicationEventMulticaster.multicastEvent(SimpleApplicationEventMulticaster.java:156)
	at org.springframework.context.event.SimpleApplicationEventMulticaster.multicastEvent(SimpleApplicationEventMulticaster.java:138)
	at org.springframework.boot.context.event.EventPublishingRunListener.multicastInitialEvent(EventPublishingRunListener.java:136)
	at org.springframework.boot.context.event.EventPublishingRunListener.environmentPrepared(EventPublishingRunListener.java:81)
	at org.springframework.boot.SpringApplicationRunListeners.lambda$environmentPrepared$2(SpringApplicationRunListeners.java:64)
	at java.base/java.lang.Iterable.forEach(Iterable.java:75)
	at org.springframework.boot.SpringApplicationRunListeners.doWithListeners(SpringApplicationRunListeners.java:118)
	at org.springframework.boot.SpringApplicationRunListeners.doWithListeners(SpringApplicationRunListeners.java:112)
	at org.springframework.boot.SpringApplicationRunListeners.environmentPrepared(SpringApplicationRunListeners.java:63)
	at org.springframework.boot.SpringApplication.prepareEnvironment(SpringApplication.java:370)
	at org.springframework.boot.SpringApplication.run(SpringApplication.java:330)
	at org.springframework.boot.SpringApplication.run(SpringApplication.java:1363)
	at org.springframework.boot.SpringApplication.run(SpringApplication.java:1352)
	at com.example.paymentservice.PaymentServiceApplication.main(PaymentServiceApplication.java:16)
Caused by: java.lang.IllegalStateException: Logback configuration error detected: 
ERROR in ch.qos.logback.core.pattern.parser.Compiler@180e6ac4 - Failed to instantiate converter class [ch.qos.logback.classic.pattern.MethodOfCallerConverter] as a composite converter for keyword [M] ch.qos.logback.core.util.IncompatibleClassException
ERROR in ch.qos.logback.core.pattern.parser.Compiler@180e6ac4 - Failed to create converter for [%M] keyword
ERROR in ch.qos.logback.core.pattern.parser.Compiler@42b64ab8 - Failed to instantiate converter class [ch.qos.logback.classic.pattern.MethodOfCallerConverter] as a composite converter for keyword [M] ch.qos.logback.core.util.IncompatibleClassException
ERROR in ch.qos.logback.core.pattern.parser.Compiler@42b64ab8 - Failed to create converter for [%M] keyword
	at org.springframework.boot.logging.logback.LogbackLoggingSystem.reportConfigurationErrorsIfNecessary(LogbackLoggingSystem.java:282)
	at org.springframework.boot.logging.logback.LogbackLoggingSystem.loadConfiguration(LogbackLoggingSystem.java:260)
	at org.springframework.boot.logging.AbstractLoggingSystem.initializeWithConventions(AbstractLoggingSystem.java:81)
	at org.springframework.boot.logging.AbstractLoggingSystem.initialize(AbstractLoggingSystem.java:61)
	at org.springframework.boot.logging.logback.LogbackLoggingSystem.initialize(LogbackLoggingSystem.java:193)
	at org.springframework.boot.context.logging.LoggingApplicationListener.initializeSystem(LoggingApplicationListener.java:332)
	... 19 common frames omitted
	Suppressed: ch.qos.logback.core.util.IncompatibleClassException: null
		at ch.qos.logback.core.util.OptionHelper.instantiateByClassNameAndParameter(OptionHelper.java:58)
		at ch.qos.logback.core.util.OptionHelper.instantiateByClassName(OptionHelper.java:44)
		at ch.qos.logback.core.util.OptionHelper.instantiateByClassName(OptionHelper.java:33)
		at ch.qos.logback.core.pattern.parser.Compiler.createCompositeConverter(Compiler.java:130)
		at ch.qos.logback.core.pattern.parser.Compiler.compile(Compiler.java:47)
		at ch.qos.logback.core.pattern.parser.Parser.compile(Parser.java:87)
		at ch.qos.logback.core.pattern.PatternLayoutBase.start(PatternLayoutBase.java:85)
		at ch.qos.logback.classic.encoder.PatternLayoutEncoder.start(PatternLayoutEncoder.java:28)
		at ch.qos.logback.core.model.processor.ImplicitModelHandler.postHandleComplex(ImplicitModelHandler.java:207)
		at ch.qos.logback.core.model.processor.ImplicitModelHandler.postHandle(ImplicitModelHandler.java:186)
		at ch.qos.logback.core.model.processor.DefaultProcessor.secondPhaseTraverse(DefaultProcessor.java:257)
		at ch.qos.logback.core.model.processor.DefaultProcessor.secondPhaseTraverse(DefaultProcessor.java:253)
		at ch.qos.logback.core.model.processor.DefaultProcessor.secondPhaseTraverse(DefaultProcessor.java:253)
		at ch.qos.logback.core.model.processor.DefaultProcessor.traversalLoop(DefaultProcessor.java:90)
		at ch.qos.logback.core.model.processor.DefaultProcessor.process(DefaultProcessor.java:106)
		at ch.qos.logback.core.joran.GenericXMLConfigurator.processModel(GenericXMLConfigurator.java:216)
		at org.springframework.boot.logging.logback.SpringBootJoranConfigurator.processModel(SpringBootJoranConfigurator.java:132)
		at ch.qos.logback.core.joran.GenericXMLConfigurator.doConfigure(GenericXMLConfigurator.java:178)
		at ch.qos.logback.core.joran.GenericXMLConfigurator.doConfigure(GenericXMLConfigurator.java:123)
		at ch.qos.logback.core.joran.GenericXMLConfigurator.doConfigure(GenericXMLConfigurator.java:66)
		at org.springframework.boot.logging.logback.LogbackLoggingSystem.configureByResourceUrl(LogbackLoggingSystem.java:292)
		at org.springframework.boot.logging.logback.LogbackLoggingSystem.lambda$loadConfiguration$1(LogbackLoggingSystem.java:254)
		at org.springframework.boot.logging.logback.LogbackLoggingSystem.withLoggingSuppressed(LogbackLoggingSystem.java:472)
		at org.springframework.boot.logging.logback.LogbackLoggingSystem.loadConfiguration(LogbackLoggingSystem.java:248)
		... 23 common frames omitted
	Suppressed: ch.qos.logback.core.util.IncompatibleClassException: null
		at ch.qos.logback.core.util.OptionHelper.instantiateByClassNameAndParameter(OptionHelper.java:58)
		at ch.qos.logback.core.util.OptionHelper.instantiateByClassName(OptionHelper.java:44)
		at ch.qos.logback.core.util.OptionHelper.instantiateByClassName(OptionHelper.java:33)
		at ch.qos.logback.core.pattern.parser.Compiler.createCompositeConverter(Compiler.java:130)
		at ch.qos.logback.core.pattern.parser.Compiler.compile(Compiler.java:47)
		at ch.qos.logback.core.pattern.parser.Parser.compile(Parser.java:87)
		at ch.qos.logback.core.pattern.PatternLayoutBase.start(PatternLayoutBase.java:85)
		at ch.qos.logback.classic.encoder.PatternLayoutEncoder.start(PatternLayoutEncoder.java:28)
		at ch.qos.logback.core.model.processor.ImplicitModelHandler.postHandleComplex(ImplicitModelHandler.java:207)
		at ch.qos.logback.core.model.processor.ImplicitModelHandler.postHandle(ImplicitModelHandler.java:186)
		at ch.qos.logback.core.model.processor.DefaultProcessor.secondPhaseTraverse(DefaultProcessor.java:257)
		at ch.qos.logback.core.model.processor.DefaultProcessor.secondPhaseTraverse(DefaultProcessor.java:253)
		at ch.qos.logback.core.model.processor.DefaultProcessor.secondPhaseTraverse(DefaultProcessor.java:253)
		at ch.qos.logback.core.model.processor.DefaultProcessor.traversalLoop(DefaultProcessor.java:90)
		at ch.qos.logback.core.model.processor.DefaultProcessor.process(DefaultProcessor.java:106)
		at ch.qos.logback.core.joran.GenericXMLConfigurator.processModel(GenericXMLConfigurator.java:216)
		at org.springframework.boot.logging.logback.SpringBootJoranConfigurator.processModel(SpringBootJoranConfigurator.java:132)
		at ch.qos.logback.core.joran.GenericXMLConfigurator.doConfigure(GenericXMLConfigurator.java:178)
		at ch.qos.logback.core.joran.GenericXMLConfigurator.doConfigure(GenericXMLConfigurator.java:123)
		at ch.qos.logback.core.joran.GenericXMLConfigurator.doConfigure(GenericXMLConfigurator.java:66)
		at org.springframework.boot.logging.logback.LogbackLoggingSystem.configureByResourceUrl(LogbackLoggingSystem.java:292)
		at org.springframework.boot.logging.logback.LogbackLoggingSystem.lambda$loadConfiguration$1(LogbackLoggingSystem.java:254)
		at org.springframework.boot.logging.logback.LogbackLoggingSystem.withLoggingSuppressed(LogbackLoggingSystem.java:472)
		at org.springframework.boot.logging.logback.LogbackLoggingSystem.loadConfiguration(LogbackLoggingSystem.java:248)
		... 23 common frames omitted
2025-03-06 19:32:27 [main] ERROR o.s.boot.SpringApplication.%PARSER_ERROR[M] - Application run failed
java.lang.IllegalStateException: java.lang.IllegalStateException: Logback configuration error detected: 
ERROR in ch.qos.logback.core.pattern.parser.Compiler@76ba13c - Failed to instantiate converter class [ch.qos.logback.classic.pattern.MethodOfCallerConverter] as a composite converter for keyword [M] ch.qos.logback.core.util.IncompatibleClassException
ERROR in ch.qos.logback.core.pattern.parser.Compiler@76ba13c - Failed to create converter for [%M] keyword
ERROR in ch.qos.logback.core.pattern.parser.Compiler@eb6449b - Failed to instantiate converter class [ch.qos.logback.classic.pattern.MethodOfCallerConverter] as a composite converter for keyword [M] ch.qos.logback.core.util.IncompatibleClassException
ERROR in ch.qos.logback.core.pattern.parser.Compiler@eb6449b - Failed to create converter for [%M] keyword
	at org.springframework.boot.context.logging.LoggingApplicationListener.initializeSystem(LoggingApplicationListener.java:347)
	at org.springframework.boot.context.logging.LoggingApplicationListener.initialize(LoggingApplicationListener.java:298)
	at org.springframework.boot.context.logging.LoggingApplicationListener.onApplicationEnvironmentPreparedEvent(LoggingApplicationListener.java:246)
	at org.springframework.boot.context.logging.LoggingApplicationListener.onApplicationEvent(LoggingApplicationListener.java:223)
	at org.springframework.context.event.SimpleApplicationEventMulticaster.doInvokeListener(SimpleApplicationEventMulticaster.java:185)
	at org.springframework.context.event.SimpleApplicationEventMulticaster.invokeListener(SimpleApplicationEventMulticaster.java:178)
	at org.springframework.context.event.SimpleApplicationEventMulticaster.multicastEvent(SimpleApplicationEventMulticaster.java:156)
	at org.springframework.context.event.SimpleApplicationEventMulticaster.multicastEvent(SimpleApplicationEventMulticaster.java:138)
	at org.springframework.boot.context.event.EventPublishingRunListener.multicastInitialEvent(EventPublishingRunListener.java:136)
	at org.springframework.boot.context.event.EventPublishingRunListener.environmentPrepared(EventPublishingRunListener.java:81)
	at org.springframework.boot.SpringApplicationRunListeners.lambda$environmentPrepared$2(SpringApplicationRunListeners.java:64)
	at java.base/java.lang.Iterable.forEach(Iterable.java:75)
	at org.springframework.boot.SpringApplicationRunListeners.doWithListeners(SpringApplicationRunListeners.java:118)
	at org.springframework.boot.SpringApplicationRunListeners.doWithListeners(SpringApplicationRunListeners.java:112)
	at org.springframework.boot.SpringApplicationRunListeners.environmentPrepared(SpringApplicationRunListeners.java:63)
	at org.springframework.boot.SpringApplication.prepareEnvironment(SpringApplication.java:370)
	at org.springframework.boot.SpringApplication.run(SpringApplication.java:330)
	at org.springframework.boot.SpringApplication.run(SpringApplication.java:1363)
	at org.springframework.boot.SpringApplication.run(SpringApplication.java:1352)
	at com.example.bookingservice.BookingServiceApplication.main(BookingServiceApplication.java:18)
Caused by: java.lang.IllegalStateException: Logback configuration error detected: 
ERROR in ch.qos.logback.core.pattern.parser.Compiler@76ba13c - Failed to instantiate converter class [ch.qos.logback.classic.pattern.MethodOfCallerConverter] as a composite converter for keyword [M] ch.qos.logback.core.util.IncompatibleClassException
ERROR in ch.qos.logback.core.pattern.parser.Compiler@76ba13c - Failed to create converter for [%M] keyword
ERROR in ch.qos.logback.core.pattern.parser.Compiler@eb6449b - Failed to instantiate converter class [ch.qos.logback.classic.pattern.MethodOfCallerConverter] as a composite converter for keyword [M] ch.qos.logback.core.util.IncompatibleClassException
ERROR in ch.qos.logback.core.pattern.parser.Compiler@eb6449b - Failed to create converter for [%M] keyword
	at org.springframework.boot.logging.logback.LogbackLoggingSystem.reportConfigurationErrorsIfNecessary(LogbackLoggingSystem.java:282)
	at org.springframework.boot.logging.logback.LogbackLoggingSystem.loadConfiguration(LogbackLoggingSystem.java:260)
	at org.springframework.boot.logging.AbstractLoggingSystem.initializeWithConventions(AbstractLoggingSystem.java:81)
	at org.springframework.boot.logging.AbstractLoggingSystem.initialize(AbstractLoggingSystem.java:61)
	at org.springframework.boot.logging.logback.LogbackLoggingSystem.initialize(LogbackLoggingSystem.java:193)
	at org.springframework.boot.context.logging.LoggingApplicationListener.initializeSystem(LoggingApplicationListener.java:332)
	... 19 common frames omitted
	Suppressed: ch.qos.logback.core.util.IncompatibleClassException: null
		at ch.qos.logback.core.util.OptionHelper.instantiateByClassNameAndParameter(OptionHelper.java:58)
		at ch.qos.logback.core.util.OptionHelper.instantiateByClassName(OptionHelper.java:44)
		at ch.qos.logback.core.util.OptionHelper.instantiateByClassName(OptionHelper.java:33)
		at ch.qos.logback.core.pattern.parser.Compiler.createCompositeConverter(Compiler.java:130)
		at ch.qos.logback.core.pattern.parser.Compiler.compile(Compiler.java:47)
		at ch.qos.logback.core.pattern.parser.Parser.compile(Parser.java:87)
		at ch.qos.logback.core.pattern.PatternLayoutBase.start(PatternLayoutBase.java:85)
		at ch.qos.logback.classic.encoder.PatternLayoutEncoder.start(PatternLayoutEncoder.java:28)
		at ch.qos.logback.core.model.processor.ImplicitModelHandler.postHandleComplex(ImplicitModelHandler.java:207)
		at ch.qos.logback.core.model.processor.ImplicitModelHandler.postHandle(ImplicitModelHandler.java:186)
		at ch.qos.logback.core.model.processor.DefaultProcessor.secondPhaseTraverse(DefaultProcessor.java:257)
		at ch.qos.logback.core.model.processor.DefaultProcessor.secondPhaseTraverse(DefaultProcessor.java:253)
		at ch.qos.logback.core.model.processor.DefaultProcessor.secondPhaseTraverse(DefaultProcessor.java:253)
		at ch.qos.logback.core.model.processor.DefaultProcessor.traversalLoop(DefaultProcessor.java:90)
		at ch.qos.logback.core.model.processor.DefaultProcessor.process(DefaultProcessor.java:106)
		at ch.qos.logback.core.joran.GenericXMLConfigurator.processModel(GenericXMLConfigurator.java:216)
		at org.springframework.boot.logging.logback.SpringBootJoranConfigurator.processModel(SpringBootJoranConfigurator.java:132)
		at ch.qos.logback.core.joran.GenericXMLConfigurator.doConfigure(GenericXMLConfigurator.java:178)
		at ch.qos.logback.core.joran.GenericXMLConfigurator.doConfigure(GenericXMLConfigurator.java:123)
		at ch.qos.logback.core.joran.GenericXMLConfigurator.doConfigure(GenericXMLConfigurator.java:66)
		at org.springframework.boot.logging.logback.LogbackLoggingSystem.configureByResourceUrl(LogbackLoggingSystem.java:292)
		at org.springframework.boot.logging.logback.LogbackLoggingSystem.lambda$loadConfiguration$1(LogbackLoggingSystem.java:254)
		at org.springframework.boot.logging.logback.LogbackLoggingSystem.withLoggingSuppressed(LogbackLoggingSystem.java:472)
		at org.springframework.boot.logging.logback.LogbackLoggingSystem.loadConfiguration(LogbackLoggingSystem.java:248)
		... 23 common frames omitted
	Suppressed: ch.qos.logback.core.util.IncompatibleClassException: null
		at ch.qos.logback.core.util.OptionHelper.instantiateByClassNameAndParameter(OptionHelper.java:58)
		at ch.qos.logback.core.util.OptionHelper.instantiateByClassName(OptionHelper.java:44)
		at ch.qos.logback.core.util.OptionHelper.instantiateByClassName(OptionHelper.java:33)
		at ch.qos.logback.core.pattern.parser.Compiler.createCompositeConverter(Compiler.java:130)
		at ch.qos.logback.core.pattern.parser.Compiler.compile(Compiler.java:47)
		at ch.qos.logback.core.pattern.parser.Parser.compile(Parser.java:87)
		at ch.qos.logback.core.pattern.PatternLayoutBase.start(PatternLayoutBase.java:85)
		at ch.qos.logback.classic.encoder.PatternLayoutEncoder.start(PatternLayoutEncoder.java:28)
		at ch.qos.logback.core.model.processor.ImplicitModelHandler.postHandleComplex(ImplicitModelHandler.java:207)
		at ch.qos.logback.core.model.processor.ImplicitModelHandler.postHandle(ImplicitModelHandler.java:186)
		at ch.qos.logback.core.model.processor.DefaultProcessor.secondPhaseTraverse(DefaultProcessor.java:257)
		at ch.qos.logback.core.model.processor.DefaultProcessor.secondPhaseTraverse(DefaultProcessor.java:253)
		at ch.qos.logback.core.model.processor.DefaultProcessor.secondPhaseTraverse(DefaultProcessor.java:253)
		at ch.qos.logback.core.model.processor.DefaultProcessor.traversalLoop(DefaultProcessor.java:90)
		at ch.qos.logback.core.model.processor.DefaultProcessor.process(DefaultProcessor.java:106)
		at ch.qos.logback.core.joran.GenericXMLConfigurator.processModel(GenericXMLConfigurator.java:216)
		at org.springframework.boot.logging.logback.SpringBootJoranConfigurator.processModel(SpringBootJoranConfigurator.java:132)
		at ch.qos.logback.core.joran.GenericXMLConfigurator.doConfigure(GenericXMLConfigurator.java:178)
		at ch.qos.logback.core.joran.GenericXMLConfigurator.doConfigure(GenericXMLConfigurator.java:123)
		at ch.qos.logback.core.joran.GenericXMLConfigurator.doConfigure(GenericXMLConfigurator.java:66)
		at org.springframework.boot.logging.logback.LogbackLoggingSystem.configureByResourceUrl(LogbackLoggingSystem.java:292)
		at org.springframework.boot.logging.logback.LogbackLoggingSystem.lambda$loadConfiguration$1(LogbackLoggingSystem.java:254)
		at org.springframework.boot.logging.logback.LogbackLoggingSystem.withLoggingSuppressed(LogbackLoggingSystem.java:472)
		at org.springframework.boot.logging.logback.LogbackLoggingSystem.loadConfiguration(LogbackLoggingSystem.java:248)
		... 23 common frames omitted
2025-03-06 19:33:24 [background-preinit] INFO  o.h.validator.internal.util.Version(Version.java:212025-03-06 19:33:24 [main] INFO  c.e.b.BookingServiceApplication(StartupInfoLogger.java:502025-03-06 19:33:24 [main] INFO  c.e.b.BookingServiceApplication(SpringApplication.java:6542025-03-06 19:33:25 [main] INFO  o.s.cloud.context.scope.GenericScope(GenericScope.java:2822025-03-06 19:33:25 [main] WARN  o.s.c.s.PostProcessorRegistrationDelegate$BeanPostProcessorChecker(PostProcessorRegistrationDelegate.java:4292025-03-06 19:33:25 [main] WARN  o.s.c.s.PostProcessorRegistrationDelegate$BeanPostProcessorChecker(PostProcessorRegistrationDelegate.java:4372025-03-06 19:33:25 [main] INFO  o.s.b.w.e.tomcat.TomcatWebServer(TomcatWebServer.java:1112025-03-06 19:33:25 [main] INFO  o.a.coyote.http11.Http11NioProtocol(DirectJDKLog.java:1732025-03-06 19:33:25 [main] INFO  o.a.catalina.core.StandardService(DirectJDKLog.java:1732025-03-06 19:33:25 [main] INFO  o.a.catalina.core.StandardEngine(DirectJDKLog.java:1732025-03-06 19:33:25 [main] INFO  o.a.c.c.C.[Tomcat].[localhost].[/](DirectJDKLog.java:1732025-03-06 19:33:25 [main] INFO  o.s.b.w.s.c.ServletWebServerApplicationContext(ServletWebServerApplicationContext.java:2962025-03-06 19:33:26 [main] WARN  o.s.c.l.c.LoadBalancerCacheAutoConfiguration$LoadBalancerCaffeineWarnLogger(LoadBalancerCacheAutoConfiguration.java:942025-03-06 19:33:26 [main] INFO  o.a.coyote.http11.Http11NioProtocol(DirectJDKLog.java:1732025-03-06 19:33:26 [main] INFO  o.s.b.w.e.tomcat.TomcatWebServer(TomcatWebServer.java:2432025-03-06 19:33:26 [main] INFO  com.alibaba.nacos.client.naming(InitUtils.java:622025-03-06 19:33:26 [main] INFO  com.alibaba.nacos.client.naming(InitUtils.java:662025-03-06 19:33:26 [main] INFO  com.alibaba.nacos.client.naming(InitUtils.java:732025-03-06 19:33:26 [main] INFO  com.alibaba.nacos.client.naming(FailoverReactor.java:742025-03-06 19:33:26 [Thread-3] INFO  c.a.n.c.a.r.i.CredentialWatcher(CredentialWatcher.java:1892025-03-06 19:33:26 [main] INFO  c.a.nacos.client.utils.ParamUtil(ParamUtil.java:892025-03-06 19:33:26 [main] INFO  c.a.nacos.client.utils.ParamUtil(ParamUtil.java:922025-03-06 19:33:26 [main] INFO  c.a.nacos.client.utils.ParamUtil(ParamUtil.java:972025-03-06 19:33:26 [main] INFO  c.a.n.p.a.s.c.ClientAuthPluginManager(ClientAuthPluginManager.java:562025-03-06 19:33:26 [main] INFO  c.a.n.p.a.s.c.ClientAuthPluginManager(ClientAuthPluginManager.java:562025-03-06 19:33:26 [main] INFO  c.alibaba.nacos.common.remote.client(RpcClientFactory.java:1182025-03-06 19:33:26 [main] INFO  com.alibaba.nacos.client.naming(NamingGrpcClientProxy.java:1092025-03-06 19:33:26 [main] INFO  c.alibaba.nacos.common.remote.client(LoggerUtils.java:632025-03-06 19:33:26 [main] INFO  c.alibaba.nacos.common.remote.client(LoggerUtils.java:632025-03-06 19:33:26 [main] INFO  c.alibaba.nacos.common.remote.client(LoggerUtils.java:632025-03-06 19:33:26 [main] INFO  c.alibaba.nacos.common.remote.client(LoggerUtils.java:632025-03-06 19:33:26 [main] INFO  c.a.n.c.r.client.grpc.GrpcClient(GrpcClient.java:2102025-03-06 19:33:27 [main] INFO  c.a.n.c.a.AbstractAbilityControlManager(AbstractAbilityControlManager.java:612025-03-06 19:33:27 [main] INFO  c.a.n.c.a.AbstractAbilityControlManager(AbstractAbilityControlManager.java:892025-03-06 19:33:27 [main] INFO  c.a.n.c.a.AbstractAbilityControlManager(AbstractAbilityControlManager.java:942025-03-06 19:33:27 [main] INFO  c.a.n.c.a.d.NacosAbilityManagerHolder(NacosAbilityManagerHolder.java:852025-03-06 19:33:27 [main] INFO  c.alibaba.nacos.common.remote.client(LoggerUtils.java:632025-03-06 19:33:27 [com.alibaba.nacos.client.remote.worker.0] INFO  c.alibaba.nacos.common.remote.client(LoggerUtils.java:632025-03-06 19:33:27 [main] INFO  c.alibaba.nacos.common.remote.client(LoggerUtils.java:632025-03-06 19:33:27 [com.alibaba.nacos.client.remote.worker.0] INFO  com.alibaba.nacos.client.naming(NamingGrpcRedoService.java:902025-03-06 19:33:27 [main] INFO  c.alibaba.nacos.common.remote.client(LoggerUtils.java:632025-03-06 19:33:27 [main] INFO  com.alibaba.nacos.client.naming(NamingGrpcClientProxy.java:1332025-03-06 19:33:27 [main] INFO  c.a.c.n.r.NacosServiceRegistry(NacosServiceRegistry.java:762025-03-06 19:33:27 [main] INFO  c.e.b.BookingServiceApplication(StartupInfoLogger.java:562025-03-06 19:37:20 [background-preinit] INFO  o.h.validator.internal.util.Version(Version.java:212025-03-06 19:37:20 [main] INFO  c.e.p.PaymentServiceApplication(StartupInfoLogger.java:502025-03-06 19:37:20 [main] INFO  c.e.p.PaymentServiceApplication(SpringApplication.java:6542025-03-06 19:37:21 [main] INFO  o.s.cloud.context.scope.GenericScope(GenericScope.java:2822025-03-06 19:37:22 [main] WARN  o.s.c.s.PostProcessorRegistrationDelegate$BeanPostProcessorChecker(PostProcessorRegistrationDelegate.java:4292025-03-06 19:37:22 [main] WARN  o.s.c.s.PostProcessorRegistrationDelegate$BeanPostProcessorChecker(PostProcessorRegistrationDelegate.java:4372025-03-06 19:37:22 [main] INFO  o.s.b.w.e.tomcat.TomcatWebServer(TomcatWebServer.java:1112025-03-06 19:37:22 [main] INFO  o.a.coyote.http11.Http11NioProtocol(DirectJDKLog.java:1732025-03-06 19:37:22 [main] INFO  o.a.catalina.core.StandardService(DirectJDKLog.java:1732025-03-06 19:37:22 [main] INFO  o.a.catalina.core.StandardEngine(DirectJDKLog.java:1732025-03-06 19:37:22 [main] INFO  o.a.c.c.C.[Tomcat].[localhost].[/](DirectJDKLog.java:1732025-03-06 19:37:22 [main] INFO  o.s.b.w.s.c.ServletWebServerApplicationContext(ServletWebServerApplicationContext.java:2962025-03-06 19:37:22 [main] INFO  o.s.c.o.FeignClientFactoryBean(FeignClientFactoryBean.java:4682025-03-06 19:37:23 [main] WARN  o.s.c.l.c.LoadBalancerCacheAutoConfiguration$LoadBalancerCaffeineWarnLogger(LoadBalancerCacheAutoConfiguration.java:942025-03-06 19:37:23 [main] INFO  o.a.coyote.http11.Http11NioProtocol(DirectJDKLog.java:1732025-03-06 19:37:23 [main] INFO  o.s.b.w.e.tomcat.TomcatWebServer(TomcatWebServer.java:2432025-03-06 19:37:23 [main] INFO  com.alibaba.nacos.client.naming(InitUtils.java:622025-03-06 19:37:23 [main] INFO  com.alibaba.nacos.client.naming(InitUtils.java:662025-03-06 19:37:23 [main] INFO  com.alibaba.nacos.client.naming(InitUtils.java:732025-03-06 19:37:23 [main] INFO  com.alibaba.nacos.client.naming(FailoverReactor.java:742025-03-06 19:37:23 [Thread-3] INFO  c.a.n.c.a.r.i.CredentialWatcher(CredentialWatcher.java:1892025-03-06 19:37:23 [main] INFO  c.a.nacos.client.utils.ParamUtil(ParamUtil.java:892025-03-06 19:37:23 [main] INFO  c.a.nacos.client.utils.ParamUtil(ParamUtil.java:922025-03-06 19:37:23 [main] INFO  c.a.nacos.client.utils.ParamUtil(ParamUtil.java:972025-03-06 19:37:23 [main] INFO  c.a.n.p.a.s.c.ClientAuthPluginManager(ClientAuthPluginManager.java:562025-03-06 19:37:23 [main] INFO  c.a.n.p.a.s.c.ClientAuthPluginManager(ClientAuthPluginManager.java:562025-03-06 19:37:23 [main] INFO  c.alibaba.nacos.common.remote.client(RpcClientFactory.java:1182025-03-06 19:37:23 [main] INFO  com.alibaba.nacos.client.naming(NamingGrpcClientProxy.java:1092025-03-06 19:37:23 [main] INFO  c.alibaba.nacos.common.remote.client(LoggerUtils.java:632025-03-06 19:37:23 [main] INFO  c.alibaba.nacos.common.remote.client(LoggerUtils.java:632025-03-06 19:37:23 [main] INFO  c.alibaba.nacos.common.remote.client(LoggerUtils.java:632025-03-06 19:37:23 [main] INFO  c.alibaba.nacos.common.remote.client(LoggerUtils.java:632025-03-06 19:37:23 [main] INFO  c.a.n.c.r.client.grpc.GrpcClient(GrpcClient.java:2102025-03-06 19:37:24 [main] INFO  c.a.n.c.a.AbstractAbilityControlManager(AbstractAbilityControlManager.java:612025-03-06 19:37:24 [main] INFO  c.a.n.c.a.AbstractAbilityControlManager(AbstractAbilityControlManager.java:892025-03-06 19:37:24 [main] INFO  c.a.n.c.a.AbstractAbilityControlManager(AbstractAbilityControlManager.java:942025-03-06 19:37:24 [main] INFO  c.a.n.c.a.d.NacosAbilityManagerHolder(NacosAbilityManagerHolder.java:852025-03-06 19:37:24 [main] INFO  c.alibaba.nacos.common.remote.client(LoggerUtils.java:632025-03-06 19:37:24 [com.alibaba.nacos.client.remote.worker.0] INFO  c.alibaba.nacos.common.remote.client(LoggerUtils.java:632025-03-06 19:37:24 [main] INFO  c.alibaba.nacos.common.remote.client(LoggerUtils.java:632025-03-06 19:37:24 [com.alibaba.nacos.client.remote.worker.0] INFO  com.alibaba.nacos.client.naming(NamingGrpcRedoService.java:902025-03-06 19:37:24 [main] INFO  c.alibaba.nacos.common.remote.client(LoggerUtils.java:632025-03-06 19:37:24 [main] INFO  com.alibaba.nacos.client.naming(NamingGrpcClientProxy.java:1332025-03-06 19:37:24 [main] INFO  c.a.c.n.r.NacosServiceRegistry(NacosServiceRegistry.java:762025-03-06 19:37:24 [main] INFO  c.e.p.PaymentServiceApplication(StartupInfoLogger.java:562025-03-06 19:37:46 [http-nio-8086-exec-2] INFO  o.a.c.c.C.[Tomcat].[localhost].[/](DirectJDKLog.java:1732025-03-06 19:37:46 [http-nio-8086-exec-2] INFO  o.s.web.servlet.DispatcherServlet(FrameworkServlet.java:5322025-03-06 19:37:46 [http-nio-8086-exec-2] INFO  o.s.web.servlet.DispatcherServlet(FrameworkServlet.java:5542025-03-06 19:37:46 [http-nio-8086-exec-2] INFO  c.e.p.s.i.PaymentSimulationServiceImpl(PaymentSimulationServiceImpl.java:342025-03-06 19:37:46 [http-nio-8086-exec-2] INFO  com.zaxxer.hikari.HikariDataSource(HikariDataSource.java:1092025-03-06 19:37:46 [http-nio-8086-exec-2] INFO  com.zaxxer.hikari.pool.HikariPool(HikariPool.java:5542025-03-06 19:37:46 [http-nio-8086-exec-2] INFO  com.zaxxer.hikari.HikariDataSource(HikariDataSource.java:1222025-03-06 19:38:06 [http-nio-8086-exec-4] INFO  c.e.p.s.impl.PaymentServiceImpl(PaymentServiceImpl.java:402025-03-06 19:38:06 [http-nio-8086-exec-4] INFO  com.alibaba.nacos.client.naming(NamingClientProxyDelegate.java:1642025-03-06 19:38:06 [http-nio-8086-exec-4] INFO  com.alibaba.nacos.client.naming(NamingGrpcClientProxy.java:3772025-03-06 19:38:06 [http-nio-8086-exec-4] INFO  com.alibaba.nacos.client.naming(ServiceInfoHolder.java:1692025-03-06 19:38:06 [http-nio-8086-exec-4] INFO  com.alibaba.nacos.client.naming(ServiceInfoHolder.java:1442025-03-06 19:38:06 [http-nio-8087-exec-1] INFO  o.a.c.c.C.[Tomcat].[localhost].[/](DirectJDKLog.java:1732025-03-06 19:38:06 [http-nio-8087-exec-1] INFO  o.s.web.servlet.DispatcherServlet(FrameworkServlet.java:5322025-03-06 19:38:06 [http-nio-8087-exec-1] INFO  o.s.web.servlet.DispatcherServlet(FrameworkServlet.java:5542025-03-06 19:38:06 [http-nio-8087-exec-1] INFO  c.e.b.s.impl.BookingServiceImpl(BookingServiceImpl.java:522025-03-06 19:38:06 [http-nio-8087-exec-1] INFO  com.zaxxer.hikari.HikariDataSource(HikariDataSource.java:1092025-03-06 19:38:06 [http-nio-8087-exec-1] INFO  com.zaxxer.hikari.pool.HikariPool(HikariPool.java:5542025-03-06 19:38:06 [http-nio-8087-exec-1] INFO  com.zaxxer.hikari.HikariDataSource(HikariDataSource.java:1222025-03-06 19:38:07 [http-nio-8087-exec-1] INFO  c.e.b.s.impl.BookingServiceImpl(BookingServiceImpl.java:602025-03-06 19:38:07 [http-nio-8086-exec-4] INFO  c.e.p.s.impl.PaymentServiceImpl(PaymentServiceImpl.java:482025-03-06 19:38:07 [http-nio-8086-exec-4] INFO  c.e.p.s.impl.PaymentServiceImpl(PaymentServiceImpl.java:552025-03-06 19:38:07 [http-nio-8086-exec-4] INFO  c.e.p.s.impl.PaymentServiceImpl(PaymentServiceImpl.java:642025-03-06 19:38:07 [http-nio-8086-exec-4] INFO  c.e.p.s.impl.PaymentServiceImpl(PaymentServiceImpl.java:712025-03-06 19:38:07 [http-nio-8086-exec-4] INFO  c.e.p.s.impl.PaymentServiceImpl(PaymentServiceImpl.java:792025-03-06 19:38:07 [http-nio-8086-exec-4] INFO  c.e.p.s.impl.PaymentServiceImpl(PaymentServiceImpl.java:872025-03-06 19:38:07 [nacos-grpc-client-executor-127.0.0.1-29] INFO  c.alibaba.nacos.common.remote.client(LoggerUtils.java:632025-03-06 19:38:07 [nacos-grpc-client-executor-127.0.0.1-29] INFO  c.alibaba.nacos.common.remote.client(LoggerUtils.java:632025-03-06 19:39:11 [Thread-7] WARN  c.a.n.c.http.HttpClientBeanHolder(HttpClientBeanHolder.java:1022025-03-06 19:39:11 [Thread-5] WARN  c.a.nacos.common.notify.NotifyCenter(NotifyCenter.java:1342025-03-06 19:39:11 [Thread-5] WARN  c.a.nacos.common.notify.NotifyCenter(NotifyCenter.java:1512025-03-06 19:39:11 [Thread-7] WARN  c.a.n.c.http.HttpClientBeanHolder(HttpClientBeanHolder.java:1112025-03-06 19:39:13 [SpringApplicationShutdownHook] INFO  c.a.c.n.r.NacosServiceRegistry(NacosServiceRegistry.java:952025-03-06 19:39:13 [SpringApplicationShutdownHook] INFO  com.alibaba.nacos.client.naming(NamingGrpcClientProxy.java:2722025-03-06 19:39:13 [SpringApplicationShutdownHook] INFO  c.a.c.n.r.NacosServiceRegistry(NacosServiceRegistry.java:1152025-03-06 19:39:13 [SpringApplicationShutdownHook] INFO  com.alibaba.nacos.client.naming(ServiceInfoHolder.java:2542025-03-06 19:39:13 [SpringApplicationShutdownHook] INFO  com.alibaba.nacos.client.naming(FailoverReactor.java:1802025-03-06 19:39:13 [SpringApplicationShutdownHook] INFO  com.alibaba.nacos.client.naming(FailoverReactor.java:1822025-03-06 19:39:13 [SpringApplicationShutdownHook] INFO  com.alibaba.nacos.client.naming(ServiceInfoHolder.java:2562025-03-06 19:39:13 [SpringApplicationShutdownHook] INFO  com.alibaba.nacos.client.naming(NamingClientProxyDelegate.java:2042025-03-06 19:39:13 [SpringApplicationShutdownHook] INFO  com.alibaba.nacos.client.naming(ServiceInfoUpdateService.java:1472025-03-06 19:39:13 [SpringApplicationShutdownHook] INFO  com.alibaba.nacos.client.naming(ServiceInfoUpdateService.java:1492025-03-06 19:39:13 [SpringApplicationShutdownHook] INFO  com.alibaba.nacos.client.naming(ServerListManager.java:2182025-03-06 19:39:13 [SpringApplicationShutdownHook] WARN  com.alibaba.nacos.client.naming(NamingHttpClientManager.java:712025-03-06 19:39:13 [SpringApplicationShutdownHook] WARN  com.alibaba.nacos.client.naming(NamingHttpClientManager.java:782025-03-06 19:39:13 [SpringApplicationShutdownHook] INFO  com.alibaba.nacos.client.naming(ServerListManager.java:2232025-03-06 19:39:13 [SpringApplicationShutdownHook] INFO  com.alibaba.nacos.client.naming(NamingHttpClientProxy.java:4682025-03-06 19:39:13 [SpringApplicationShutdownHook] WARN  com.alibaba.nacos.client.naming(NamingHttpClientManager.java:712025-03-06 19:39:13 [SpringApplicationShutdownHook] WARN  com.alibaba.nacos.client.naming(NamingHttpClientManager.java:782025-03-06 19:39:13 [SpringApplicationShutdownHook] INFO  com.alibaba.nacos.client.naming(NamingHttpClientProxy.java:4702025-03-06 19:39:13 [SpringApplicationShutdownHook] INFO  com.alibaba.nacos.client.naming(NamingGrpcClientProxy.java:4872025-03-06 19:39:13 [SpringApplicationShutdownHook] INFO  com.alibaba.nacos.client.naming(NamingGrpcRedoService.java:3312025-03-06 19:39:13 [SpringApplicationShutdownHook] INFO  c.alibaba.nacos.common.remote.client(RpcClient.java:4252025-03-06 19:39:13 [SpringApplicationShutdownHook] INFO  c.alibaba.nacos.common.remote.client(RpcClient.java:4272025-03-06 19:39:13 [SpringApplicationShutdownHook] INFO  c.alibaba.nacos.common.remote.client(RpcClient.java:5842025-03-06 19:39:13 [nacos-grpc-client-executor-127.0.0.1-57] INFO  c.a.n.c.r.client.grpc.GrpcClient(LoggerUtils.java:632025-03-06 19:39:13 [SpringApplicationShutdownHook] INFO  c.a.n.c.r.client.grpc.GrpcClient(GrpcClient.java:1872025-03-06 19:39:13 [SpringApplicationShutdownHook] INFO  com.alibaba.nacos.client.naming(NamingGrpcClientProxy.java:4972025-03-06 19:39:13 [SpringApplicationShutdownHook] INFO  c.a.n.c.a.r.i.CredentialWatcher(CredentialWatcher.java:1072025-03-06 19:39:13 [SpringApplicationShutdownHook] INFO  c.a.n.c.a.r.i.CredentialService(CredentialService.java:912025-03-06 19:39:13 [SpringApplicationShutdownHook] INFO  com.alibaba.nacos.client.naming(NamingClientProxyDelegate.java:2112025-03-06 19:39:13 [SpringApplicationShutdownHook] INFO  com.zaxxer.hikari.HikariDataSource(HikariDataSource.java:3492025-03-06 19:39:13 [SpringApplicationShutdownHook] INFO  com.zaxxer.hikari.HikariDataSource(HikariDataSource.java:3512025-03-06 19:39:16 [background-preinit] INFO  o.h.validator.internal.util.Version(Version.java:212025-03-06 19:39:16 [main] INFO  c.e.p.PaymentServiceApplication(StartupInfoLogger.java:502025-03-06 19:39:16 [main] INFO  c.e.p.PaymentServiceApplication(SpringApplication.java:6542025-03-06 19:39:17 [main] INFO  o.s.cloud.context.scope.GenericScope(GenericScope.java:2822025-03-06 19:39:17 [main] WARN  o.s.c.s.PostProcessorRegistrationDelegate$BeanPostProcessorChecker(PostProcessorRegistrationDelegate.java:4292025-03-06 19:39:17 [main] WARN  o.s.c.s.PostProcessorRegistrationDelegate$BeanPostProcessorChecker(PostProcessorRegistrationDelegate.java:4372025-03-06 19:39:17 [main] INFO  o.s.b.w.e.tomcat.TomcatWebServer(TomcatWebServer.java:1112025-03-06 19:39:17 [main] INFO  o.a.coyote.http11.Http11NioProtocol(DirectJDKLog.java:1732025-03-06 19:39:17 [main] INFO  o.a.catalina.core.StandardService(DirectJDKLog.java:1732025-03-06 19:39:17 [main] INFO  o.a.catalina.core.StandardEngine(DirectJDKLog.java:1732025-03-06 19:39:17 [main] INFO  o.a.c.c.C.[Tomcat].[localhost].[/](DirectJDKLog.java:1732025-03-06 19:39:17 [main] INFO  o.s.b.w.s.c.ServletWebServerApplicationContext(ServletWebServerApplicationContext.java:2962025-03-06 19:39:18 [main] INFO  o.s.c.o.FeignClientFactoryBean(FeignClientFactoryBean.java:4682025-03-06 19:39:19 [main] WARN  o.s.c.l.c.LoadBalancerCacheAutoConfiguration$LoadBalancerCaffeineWarnLogger(LoadBalancerCacheAutoConfiguration.java:942025-03-06 19:39:19 [main] INFO  o.a.coyote.http11.Http11NioProtocol(DirectJDKLog.java:1732025-03-06 19:39:19 [main] INFO  o.s.b.w.e.tomcat.TomcatWebServer(TomcatWebServer.java:2432025-03-06 19:39:19 [main] INFO  c.a.c.n.r.NacosServiceRegistry(NacosServiceRegistry.java:762025-03-06 19:39:19 [main] INFO  c.e.p.PaymentServiceApplication(StartupInfoLogger.java:562025-03-06 19:40:36 [Thread-7] WARN  c.a.n.c.http.HttpClientBeanHolder(HttpClientBeanHolder.java:1022025-03-06 19:40:36 [Thread-5] WARN  c.a.nacos.common.notify.NotifyCenter(NotifyCenter.java:1342025-03-06 19:40:36 [Thread-5] WARN  c.a.nacos.common.notify.NotifyCenter(NotifyCenter.java:1512025-03-06 19:40:36 [Thread-7] WARN  c.a.n.c.http.HttpClientBeanHolder(HttpClientBeanHolder.java:1112025-03-06 19:40:37 [SpringApplicationShutdownHook] INFO  c.a.c.n.r.NacosServiceRegistry(NacosServiceRegistry.java:952025-03-06 19:40:37 [SpringApplicationShutdownHook] INFO  c.a.c.n.r.NacosServiceRegistry(NacosServiceRegistry.java:1152025-03-06 19:40:37 [SpringApplicationShutdownHook] WARN  com.alibaba.nacos.client.naming(NamingHttpClientManager.java:712025-03-06 19:40:37 [SpringApplicationShutdownHook] WARN  com.alibaba.nacos.client.naming(NamingHttpClientManager.java:782025-03-06 19:40:37 [SpringApplicationShutdownHook] WARN  com.alibaba.nacos.client.naming(NamingHttpClientManager.java:712025-03-06 19:40:37 [SpringApplicationShutdownHook] WARN  com.alibaba.nacos.client.naming(NamingHttpClientManager.java:782025-03-06 19:40:44 [background-preinit] INFO  o.h.validator.internal.util.Version(Version.java:212025-03-06 19:40:44 [main] INFO  c.e.p.PaymentServiceApplication(StartupInfoLogger.java:502025-03-06 19:40:44 [main] INFO  c.e.p.PaymentServiceApplication(SpringApplication.java:6542025-03-06 19:40:45 [main] INFO  o.s.cloud.context.scope.GenericScope(GenericScope.java:2822025-03-06 19:40:45 [main] WARN  o.s.c.s.PostProcessorRegistrationDelegate$BeanPostProcessorChecker(PostProcessorRegistrationDelegate.java:4292025-03-06 19:40:45 [main] WARN  o.s.c.s.PostProcessorRegistrationDelegate$BeanPostProcessorChecker(PostProcessorRegistrationDelegate.java:4372025-03-06 19:40:46 [main] INFO  o.s.b.w.e.tomcat.TomcatWebServer(TomcatWebServer.java:1112025-03-06 19:40:46 [main] INFO  o.a.coyote.http11.Http11NioProtocol(DirectJDKLog.java:1732025-03-06 19:40:46 [main] INFO  o.a.catalina.core.StandardService(DirectJDKLog.java:1732025-03-06 19:40:46 [main] INFO  o.a.catalina.core.StandardEngine(DirectJDKLog.java:1732025-03-06 19:40:46 [main] INFO  o.a.c.c.C.[Tomcat].[localhost].[/](DirectJDKLog.java:1732025-03-06 19:40:46 [main] INFO  o.s.b.w.s.c.ServletWebServerApplicationContext(ServletWebServerApplicationContext.java:2962025-03-06 19:40:46 [main] INFO  o.s.c.o.FeignClientFactoryBean(FeignClientFactoryBean.java:4682025-03-06 19:40:47 [main] WARN  o.s.c.l.c.LoadBalancerCacheAutoConfiguration$LoadBalancerCaffeineWarnLogger(LoadBalancerCacheAutoConfiguration.java:942025-03-06 19:40:47 [main] INFO  o.a.coyote.http11.Http11NioProtocol(DirectJDKLog.java:1732025-03-06 19:40:47 [main] INFO  o.s.b.w.e.tomcat.TomcatWebServer(TomcatWebServer.java:2432025-03-06 19:40:47 [main] INFO  c.a.c.n.r.NacosServiceRegistry(NacosServiceRegistry.java:762025-03-06 19:40:47 [main] INFO  c.e.p.PaymentServiceApplication(StartupInfoLogger.java:562025-03-06 19:40:47 [main] INFO  c.e.p.PaymentServiceApplication(PaymentServiceApplication.java:192025-03-06 19:40:47 [main] WARN  c.e.p.PaymentServiceApplication(PaymentServiceApplication.java:202025-03-06 19:40:47 [main] ERROR c.e.p.PaymentServiceApplication(PaymentServiceApplication.java:212025-03-06 19:43:27 [Thread-7] WARN  c.a.n.c.http.HttpClientBeanHolder(HttpClientBeanHolder.java:1022025-03-06 19:43:27 [Thread-5] WARN  c.a.nacos.common.notify.NotifyCenter(NotifyCenter.java:1342025-03-06 19:43:27 [Thread-5] WARN  c.a.nacos.common.notify.NotifyCenter(NotifyCenter.java:1512025-03-06 19:43:27 [Thread-7] WARN  c.a.n.c.http.HttpClientBeanHolder(HttpClientBeanHolder.java:1112025-03-06 19:43:29 [SpringApplicationShutdownHook] INFO  c.a.c.n.r.NacosServiceRegistry(NacosServiceRegistry.java:952025-03-06 19:43:29 [SpringApplicationShutdownHook] INFO  c.a.c.n.r.NacosServiceRegistry(NacosServiceRegistry.java:1152025-03-06 19:43:29 [SpringApplicationShutdownHook] WARN  com.alibaba.nacos.client.naming(NamingHttpClientManager.java:712025-03-06 19:43:29 [SpringApplicationShutdownHook] WARN  com.alibaba.nacos.client.naming(NamingHttpClientManager.java:782025-03-06 19:43:29 [SpringApplicationShutdownHook] WARN  com.alibaba.nacos.client.naming(NamingHttpClientManager.java:712025-03-06 19:43:29 [SpringApplicationShutdownHook] WARN  com.alibaba.nacos.client.naming(NamingHttpClientManager.java:78LOG_PATTERN_IS_UNDEFINEDLOG_PATTERN_IS_UNDEFINEDLOG_PATTERN_IS_UNDEFINEDLOG_PATTERN_IS_UNDEFINEDLOG_PATTERN_IS_UNDEFINEDLOG_PATTERN_IS_UNDEFINEDLOG_PATTERN_IS_UNDEFINEDLOG_PATTERN_IS_UNDEFINEDLOG_PATTERN_IS_UNDEFINEDLOG_PATTERN_IS_UNDEFINEDLOG_PATTERN_IS_UNDEFINEDLOG_PATTERN_IS_UNDEFINEDLOG_PATTERN_IS_UNDEFINEDLOG_PATTERN_IS_UNDEFINEDLOG_PATTERN_IS_UNDEFINEDLOG_PATTERN_IS_UNDEFINEDLOG_PATTERN_IS_UNDEFINEDLOG_PATTERN_IS_UNDEFINEDLOG_PATTERN_IS_UNDEFINEDLOG_PATTERN_IS_UNDEFINEDLOG_PATTERN_IS_UNDEFINEDLOG_PATTERN_IS_UNDEFINEDLOG_PATTERN_IS_UNDEFINEDLOG_PATTERN_IS_UNDEFINEDLOG_PATTERN_IS_UNDEFINEDLOG_PATTERN_IS_UNDEFINEDLOG_PATTERN_IS_UNDEFINEDLOG_PATTERN_IS_UNDEFINEDLOG_PATTERN_IS_UNDEFINEDLOG_PATTERN_IS_UNDEFINEDLOG_PATTERN_IS_UNDEFINEDLOG_PATTERN_IS_UNDEFINEDLOG_PATTERN_IS_UNDEFINEDLOG_PATTERN_IS_UNDEFINEDLOG_PATTERN_IS_UNDEFINEDLOG_PATTERN_IS_UNDEFINEDLOG_PATTERN_IS_UNDEFINEDLOG_PATTERN_IS_UNDEFINEDLOG_PATTERN_IS_UNDEFINEDLOG_PATTERN_IS_UNDEFINEDLOG_PATTERN_IS_UNDEFINEDLOG_PATTERN_IS_UNDEFINEDLOG_PATTERN_IS_UNDEFINEDLOG_PATTERN_IS_UNDEFINEDLOG_PATTERN_IS_UNDEFINEDLOG_PATTERN_IS_UNDEFINEDLOG_PATTERN_IS_UNDEFINEDLOG_PATTERN_IS_UNDEFINEDLOG_PATTERN_IS_UNDEFINEDLOG_PATTERN_IS_UNDEFINEDLOG_PATTERN_IS_UNDEFINEDLOG_PATTERN_IS_UNDEFINEDLOG_PATTERN_IS_UNDEFINEDLOG_PATTERN_IS_UNDEFINEDLOG_PATTERN_IS_UNDEFINEDLOG_PATTERN_IS_UNDEFINED2025-03-06 19:46:32 [Thread-7] WARN  c.a.n.c.http.HttpClientBeanHolder(HttpClientBeanHolder.java:1022025-03-06 19:46:32 [Thread-5] WARN  c.a.nacos.common.notify.NotifyCenter(NotifyCenter.java:1342025-03-06 19:46:32 [Thread-5] WARN  c.a.nacos.common.notify.NotifyCenter(NotifyCenter.java:1512025-03-06 19:46:32 [Thread-7] WARN  c.a.n.c.http.HttpClientBeanHolder(HttpClientBeanHolder.java:1112025-03-06 19:46:33 [SpringApplicationShutdownHook] INFO  c.a.c.n.r.NacosServiceRegistry(NacosServiceRegistry.java:952025-03-06 19:46:33 [SpringApplicationShutdownHook] INFO  com.alibaba.nacos.client.naming(NamingGrpcClientProxy.java:2722025-03-06 19:46:33 [SpringApplicationShutdownHook] INFO  c.a.c.n.r.NacosServiceRegistry(NacosServiceRegistry.java:1152025-03-06 19:46:33 [SpringApplicationShutdownHook] INFO  com.alibaba.nacos.client.naming(ServiceInfoHolder.java:2542025-03-06 19:46:33 [SpringApplicationShutdownHook] INFO  com.alibaba.nacos.client.naming(FailoverReactor.java:1802025-03-06 19:46:33 [SpringApplicationShutdownHook] INFO  com.alibaba.nacos.client.naming(FailoverReactor.java:1822025-03-06 19:46:33 [SpringApplicationShutdownHook] INFO  com.alibaba.nacos.client.naming(ServiceInfoHolder.java:2562025-03-06 19:46:33 [SpringApplicationShutdownHook] INFO  com.alibaba.nacos.client.naming(NamingClientProxyDelegate.java:2042025-03-06 19:46:33 [SpringApplicationShutdownHook] INFO  com.alibaba.nacos.client.naming(ServiceInfoUpdateService.java:1472025-03-06 19:46:33 [SpringApplicationShutdownHook] INFO  com.alibaba.nacos.client.naming(ServiceInfoUpdateService.java:1492025-03-06 19:46:33 [SpringApplicationShutdownHook] INFO  com.alibaba.nacos.client.naming(ServerListManager.java:2182025-03-06 19:46:33 [SpringApplicationShutdownHook] WARN  com.alibaba.nacos.client.naming(NamingHttpClientManager.java:712025-03-06 19:46:33 [SpringApplicationShutdownHook] WARN  com.alibaba.nacos.client.naming(NamingHttpClientManager.java:782025-03-06 19:46:33 [SpringApplicationShutdownHook] INFO  com.alibaba.nacos.client.naming(ServerListManager.java:2232025-03-06 19:46:33 [SpringApplicationShutdownHook] INFO  com.alibaba.nacos.client.naming(NamingHttpClientProxy.java:4682025-03-06 19:46:33 [SpringApplicationShutdownHook] WARN  com.alibaba.nacos.client.naming(NamingHttpClientManager.java:712025-03-06 19:46:33 [SpringApplicationShutdownHook] WARN  com.alibaba.nacos.client.naming(NamingHttpClientManager.java:782025-03-06 19:46:33 [SpringApplicationShutdownHook] INFO  com.alibaba.nacos.client.naming(NamingHttpClientProxy.java:4702025-03-06 19:46:33 [SpringApplicationShutdownHook] INFO  com.alibaba.nacos.client.naming(NamingGrpcClientProxy.java:4872025-03-06 19:46:33 [SpringApplicationShutdownHook] INFO  com.alibaba.nacos.client.naming(NamingGrpcRedoService.java:3312025-03-06 19:46:33 [SpringApplicationShutdownHook] INFO  c.alibaba.nacos.common.remote.client(RpcClient.java:4252025-03-06 19:46:33 [SpringApplicationShutdownHook] INFO  c.alibaba.nacos.common.remote.client(RpcClient.java:4272025-03-06 19:46:33 [SpringApplicationShutdownHook] INFO  c.alibaba.nacos.common.remote.client(RpcClient.java:5842025-03-06 19:46:33 [nacos-grpc-client-executor-127.0.0.1-266] INFO  c.a.n.c.r.client.grpc.GrpcClient(LoggerUtils.java:632025-03-06 19:46:33 [SpringApplicationShutdownHook] INFO  c.a.n.c.r.client.grpc.GrpcClient(GrpcClient.java:1872025-03-06 19:46:33 [SpringApplicationShutdownHook] INFO  com.alibaba.nacos.client.naming(NamingGrpcClientProxy.java:4972025-03-06 19:46:33 [SpringApplicationShutdownHook] INFO  c.a.n.c.a.r.i.CredentialWatcher(CredentialWatcher.java:1072025-03-06 19:46:33 [SpringApplicationShutdownHook] INFO  c.a.n.c.a.r.i.CredentialService(CredentialService.java:912025-03-06 19:46:33 [SpringApplicationShutdownHook] INFO  com.alibaba.nacos.client.naming(NamingClientProxyDelegate.java:2112025-03-06 19:46:33 [SpringApplicationShutdownHook] INFO  com.zaxxer.hikari.HikariDataSource(HikariDataSource.java:3492025-03-06 19:46:33 [SpringApplicationShutdownHook] INFO  com.zaxxer.hikari.HikariDataSource(HikariDataSource.java:351